INFO:root:Program Started
INFO:root:Program Started
INFO:root:Program Started
INFO:root:Image loaded
DEBUG:root:1920
ERROR:root:Size Error. Choose same size of the image
INFO:root:Image loaded
DEBUG:root:Mag
DEBUG:root:Phase
DEBUG:root:Real
DEBUG:root:Imag
DEBUG:root:Mag
DEBUG:root:Phase
DEBUG:root:Real
DEBUG:root:Imag
INFO:root:Program Started
INFO:root:Program Started
INFO:root:Program Started
INFO:root:Program Started
INFO:root:Program Started
INFO:root:Program Started
INFO:root:Image loaded
INFO:root:Image loaded
INFO:root:Program Started
INFO:root:Image loaded
INFO:root:Image loaded
INFO:root:Program Started
INFO:root:Image loaded
INFO:root:Image loaded
DEBUG:root:Phase
DEBUG:root:Mag
INFO:root:Program Started
INFO:root:Image loaded
INFO:root:Image loaded
INFO:root:Program Started
INFO:root:Program Started
INFO:root:Program Started
INFO:root:Image loaded
INFO:root:Image loaded
INFO:root:Program Started
INFO:root:Image loaded
INFO:root:Image loaded
